Arguments: 
  /Users/cwells/.nvm/versions/node/v8.0.0/lib/node_modules/node/bin/node /usr/local/bin/yarn add React

PATH: 
  /Users/cwells/.nvm/versions/node/v8.0.0/bin:/usr/local/bin:/usr/bin:/bin:/usr/sbin:/sbin:/opt/X11/bin

Yarn version: 
  0.24.6

Node version: 
  8.9.4

Platform: 
  darwin x64

npm manifest: 
  {
    "name": "project-sphynx",
    "version": "0.1.0",
    "description": "A new build system designed to inherit the same use-cases of Fuzzy Chainsaw.",
    "main": "index.js",
    "scripts": {
      "test": "echo \"Error: no test specified\" && exit 1"
    },
    "author": "CSKingMartin (Conner Wells)",
    "license": "ISC"
  }

yarn manifest: 
  No manifest

Lockfile: 
  No lockfile

Trace: 
  Error: https://registry.yarnpkg.com/React: Not found
      at Request.params.callback [as _callback] (/usr/local/Cellar/yarn/0.24.6/libexec/lib/yarn-cli.js:56255:18)
      at Request.self.callback (/usr/local/Cellar/yarn/0.24.6/libexec/lib/yarn-cli.js:107854:22)
      at emitTwo (events.js:126:13)
      at Request.emit (events.js:214:7)
      at Request.<anonymous> (/usr/local/Cellar/yarn/0.24.6/libexec/lib/yarn-cli.js:108837:10)
      at emitOne (events.js:116:13)
      at Request.emit (events.js:211:7)
      at IncomingMessage.<anonymous> (/usr/local/Cellar/yarn/0.24.6/libexec/lib/yarn-cli.js:108757:12)
      at Object.onceWrapper (events.js:313:30)
      at emitNone (events.js:111:20)
